  BLACKJACK.c
  CASINO.c
C:\Users\user\OneDrive\programing\CASINO\GOLD CASINO\GOLD CASINO\BLACKJACK.c(442,2): warning C4033: 'dealerai_blackjack_'은(는) 값을 반환해야 합니다.
C:\Users\user\OneDrive\programing\CASINO\GOLD CASINO\GOLD CASINO\BLACKJACK.c(795,56): warning C4244: '=': 'double'에서 '__int64'(으)로 변환하면서 데이터가 손실될 수 있습니다.
C:\Users\user\OneDrive\programing\CASINO\GOLD CASINO\GOLD CASINO\BLACKJACK.c(805,58): warning C4244: '=': 'double'에서 '__int64'(으)로 변환하면서 데이터가 손실될 수 있습니다.
C:\Users\user\OneDrive\programing\CASINO\GOLD CASINO\GOLD CASINO\BLACKJACK.c(826,56): warning C4244: '=': 'double'에서 '__int64'(으)로 변환하면서 데이터가 손실될 수 있습니다.
C:\Users\user\OneDrive\programing\CASINO\GOLD CASINO\GOLD CASINO\BLACKJACK.c(836,57): warning C4244: '=': 'double'에서 '__int64'(으)로 변환하면서 데이터가 손실될 수 있습니다.
C:\Users\user\OneDrive\programing\CASINO\GOLD CASINO\GOLD CASINO\CASINO.c(132,14): warning C4098: 'isbankrupt_': 'void' 함수에서 값을 반환하고 있습니다.
C:\Users\user\OneDrive\programing\CASINO\GOLD CASINO\GOLD CASINO\CASINO.c(143,11): warning C4098: 'isbankrupt_': 'void' 함수에서 값을 반환하고 있습니다.
C:\Users\user\OneDrive\programing\CASINO\GOLD CASINO\GOLD CASINO\CASINO.c(152,14): warning C4013: 'main_blackjack'이(가) 정의되지 않았습니다. extern은 int형을 반환하는 것으로 간주합니다.
C:\Users\user\OneDrive\programing\CASINO\GOLD CASINO\GOLD CASINO\CASINO.c(155,14): warning C4013: 'main_ventti'이(가) 정의되지 않았습니다. extern은 int형을 반환하는 것으로 간주합니다.
C:\Users\user\OneDrive\programing\CASINO\GOLD CASINO\GOLD CASINO\CASINO.c(158,14): warning C4013: 'main_slotmachine'이(가) 정의되지 않았습니다. extern은 int형을 반환하는 것으로 간주합니다.
C:\Users\user\OneDrive\programing\CASINO\GOLD CASINO\GOLD CASINO\CASINO.c(161,14): warning C4013: 'main_debug'이(가) 정의되지 않았습니다. extern은 int형을 반환하는 것으로 간주합니다.
  COMMON_FUNCTION.c
C:\Users\user\OneDrive\programing\CASINO\GOLD CASINO\GOLD CASINO\COMMON_FUNCTION.c(66,52): warning C4047: '!=': 'int'의 간접 참조 수준이 'void *'과(와) 다릅니다.
C:\Users\user\OneDrive\programing\CASINO\GOLD CASINO\GOLD CASINO\COMMON_FUNCTION.c(79,52): warning C4047: '!=': 'int'의 간접 참조 수준이 'void *'과(와) 다릅니다.
C:\Users\user\OneDrive\programing\CASINO\GOLD CASINO\GOLD CASINO\COMMON_FUNCTION.c(96,52): warning C4047: '!=': 'int'의 간접 참조 수준이 'void *'과(와) 다릅니다.
C:\Users\user\OneDrive\programing\CASINO\GOLD CASINO\GOLD CASINO\COMMON_FUNCTION.c(108,8): warning C4244: '함수': '__int64'에서 'unsigned int'(으)로 변환하면서 데이터가 손실될 수 있습니다.
C:\Users\user\OneDrive\programing\CASINO\GOLD CASINO\GOLD CASINO\COMMON_FUNCTION.c(168,45): warning C4142: 'readmoneyfromfile_': 형식이 재정의되었지만 심각하지는 않습니다.
  C:\Users\user\OneDrive\programing\CASINO\GOLD CASINO\GOLD CASINO\CASINO_FUNCTION.h(60,11):
  'readmoneyfromfile_' 선언을 참조하십시오.
  
C:\Users\user\OneDrive\programing\CASINO\GOLD CASINO\GOLD CASINO\COMMON_FUNCTION.c(202,32): warning C4047: '=': 'char'의 간접 참조 수준이 'void *'과(와) 다릅니다.
C:\Users\user\OneDrive\programing\CASINO\GOLD CASINO\GOLD CASINO\COMMON_FUNCTION.c(208,8): warning C4244: '함수': '__int64'에서 'unsigned int'(으)로 변환하면서 데이터가 손실될 수 있습니다.
C:\Users\user\OneDrive\programing\CASINO\GOLD CASINO\GOLD CASINO\COMMON_FUNCTION.c(217,32): warning C4047: '=': 'char'의 간접 참조 수준이 'void *'과(와) 다릅니다.
C:\Users\user\OneDrive\programing\CASINO\GOLD CASINO\GOLD CASINO\COMMON_FUNCTION.c(235,32): warning C4047: '=': 'char'의 간접 참조 수준이 'void *'과(와) 다릅니다.
C:\Users\user\OneDrive\programing\CASINO\GOLD CASINO\GOLD CASINO\COMMON_FUNCTION.c(246,32): warning C4047: '=': 'char'의 간접 참조 수준이 'void *'과(와) 다릅니다.
C:\Users\user\OneDrive\programing\CASINO\GOLD CASINO\GOLD CASINO\COMMON_FUNCTION.c(283,8): warning C4244: '함수': 'time_t'에서 'unsigned int'(으)로 변환하면서 데이터가 손실될 수 있습니다.
C:\Users\user\OneDrive\programing\CASINO\GOLD CASINO\GOLD CASINO\COMMON_FUNCTION.c(291,32): warning C4267: '=': 'size_t'에서 'int'(으)로 변환하면서 데이터가 손실될 수 있습니다.
C:\Users\user\OneDrive\programing\CASINO\GOLD CASINO\GOLD CASINO\COMMON_FUNCTION.c(300,43): warning C4047: '!=': 'int'의 간접 참조 수준이 'void *'과(와) 다릅니다.
C:\Users\user\OneDrive\programing\CASINO\GOLD CASINO\GOLD CASINO\COMMON_FUNCTION.c(307,38): warning C4244: '초기화 중': 'SHORT'에서 'unsigned char'(으)로 변환하면서 데이터가 손실될 수 있습니다.
C:\Users\user\OneDrive\programing\CASINO\GOLD CASINO\GOLD CASINO\COMMON_FUNCTION.c(345,28): warning C4047: '=': 'char'의 간접 참조 수준이 'void *'과(와) 다릅니다.
C:\Users\user\OneDrive\programing\CASINO\GOLD CASINO\GOLD CASINO\COMMON_FUNCTION.c(369,11): warning C4267: '=': 'size_t'에서 'unsigned char'(으)로 변환하면서 데이터가 손실될 수 있습니다.
C:\Users\user\OneDrive\programing\CASINO\GOLD CASINO\GOLD CASINO\COMMON_FUNCTION.c(374,24): warning C4047: '=': 'char'의 간접 참조 수준이 'void *'과(와) 다릅니다.
C:\Users\user\OneDrive\programing\CASINO\GOLD CASINO\GOLD CASINO\COMMON_FUNCTION.c(382,24): warning C4047: '==': 'int'의 간접 참조 수준이 'void *'과(와) 다릅니다.
C:\Users\user\OneDrive\programing\CASINO\GOLD CASINO\GOLD CASINO\COMMON_FUNCTION.c(386,27): warning C4047: '=': 'char'의 간접 참조 수준이 'void *'과(와) 다릅니다.
C:\Users\user\OneDrive\programing\CASINO\GOLD CASINO\GOLD CASINO\COMMON_FUNCTION.c(417,59): warning C4047: '!=': 'int'의 간접 참조 수준이 'void *'과(와) 다릅니다.
C:\Users\user\OneDrive\programing\CASINO\GOLD CASINO\GOLD CASINO\COMMON_FUNCTION.c(509,28): warning C4047: '=': 'char'의 간접 참조 수준이 'void *'과(와) 다릅니다.
C:\Users\user\OneDrive\programing\CASINO\GOLD CASINO\GOLD CASINO\COMMON_FUNCTION.c(613,34): warning C4267: '초기화 중': 'size_t'에서 'unsigned short'(으)로 변환하면서 데이터가 손실될 수 있습니다.
  DEBUG_CHANNEL.c
C:\Users\user\OneDrive\programing\CASINO\GOLD CASINO\GOLD CASINO\DEBUG_CHANNEL.c(111,2): warning C4013: 'gets'이(가) 정의되지 않았습니다. extern은 int형을 반환하는 것으로 간주합니다.
C:\Users\user\OneDrive\programing\CASINO\GOLD CASINO\GOLD CASINO\DEBUG_CHANNEL.c(123,2): warning C4013: 'drawslot_slotmachine_'이(가) 정의되지 않았습니다. extern은 int형을 반환하는 것으로 간주합니다.
  SLOT_MACHINE.c
C:\Users\user\OneDrive\programing\CASINO\GOLD CASINO\GOLD CASINO\SLOT_MACHINE.c(21,8): warning C4244: '함수': 'time_t'에서 'unsigned int'(으)로 변환하면서 데이터가 손실될 수 있습니다.
  VENTTI.c
C:\Users\user\OneDrive\programing\CASINO\GOLD CASINO\GOLD CASINO\VENTTI.c(65,8): warning C4244: '함수': 'time_t'에서 'unsigned int'(으)로 변환하면서 데이터가 손실될 수 있습니다.
C:\Users\user\OneDrive\programing\CASINO\GOLD CASINO\GOLD CASINO\VENTTI.c(276,2): warning C4033: 'dealerai_ventti_'은(는) 값을 반환해야 합니다.
C:\Users\user\OneDrive\programing\CASINO\GOLD CASINO\GOLD CASINO\VENTTI.c(373,52): warning C4244: '=': 'double'에서 '__int64'(으)로 변환하면서 데이터가 손실될 수 있습니다.
  코드를 생성하고 있습니다...
C:\Users\user\OneDrive\programing\CASINO\GOLD CASINO\GOLD CASINO\VENTTI.c(429,1): warning C4715: 'main_ventti': 모든 제어 경로에서 값을 반환하지는 않습니다.
C:\Users\user\OneDrive\programing\CASINO\GOLD CASINO\GOLD CASINO\VENTTI.c(277,1): warning C4716: 'dealerai_ventti_': 값을 반환해야 합니다.
C:\Users\user\OneDrive\programing\CASINO\GOLD CASINO\GOLD CASINO\SLOT_MACHINE.c(66,1): warning C4715: 'main_slotmachine': 모든 제어 경로에서 값을 반환하지는 않습니다.
C:\Users\user\OneDrive\programing\CASINO\GOLD CASINO\GOLD CASINO\BLACKJACK.c(443,1): warning C4715: 'dealerai_blackjack_': 모든 제어 경로에서 값을 반환하지는 않습니다.
C:\Users\user\OneDrive\programing\CASINO\GOLD CASINO\GOLD CASINO\BLACKJACK.c(1033,1): warning C4715: 'main_blackjack': 모든 제어 경로에서 값을 반환하지는 않습니다.
  GOLD CASINO.vcxproj -> C:\Users\user\OneDrive\programing\CASINO\GOLD CASINO\x64\Debug\GOLD CASINO.exe
